\BOOKMARK [0][-]{chapter.1}{\376\377\000I\000N\000T\000R\000O\000D\000U\000C\000T\000I\000O\000N}{}% 1
\BOOKMARK [1][-]{section.1.1}{\376\377\000O\000b\000j\000e\000c\000t\000i\000v\000e\000s}{chapter.1}% 2
\BOOKMARK [1][-]{section.1.2}{\376\377\000L\000i\000t\000e\000r\000a\000t\000u\000r\000e\000\040\000R\000e\000v\000i\000e\000w}{chapter.1}% 3
\BOOKMARK [1][-]{section.1.3}{\376\377\000R\000e\000p\000o\000r\000t\000\040\000O\000r\000g\000a\000n\000i\000z\000a\000t\000i\000o\000n}{chapter.1}% 4
\BOOKMARK [0][-]{chapter.2}{\376\377\000S\000Y\000S\000T\000E\000M\000\040\000A\000R\000C\000H\000I\000T\000E\000C\000T\000U\000R\000E}{}% 5
\BOOKMARK [1][-]{section.2.1}{\376\377\000O\000v\000e\000r\000v\000i\000e\000w}{chapter.2}% 6
\BOOKMARK [1][-]{section.2.2}{\376\377\000W\000o\000r\000k\000f\000l\000o\000w}{chapter.2}% 7
\BOOKMARK [1][-]{section.2.3}{\376\377\000S\000t\000a\000n\000d\000a\000r\000d\000s\000\040\000a\000n\000d\000\040\000B\000e\000s\000t\000\040\000P\000r\000a\000c\000t\000i\000c\000e\000s}{chapter.2}% 8
\BOOKMARK [1][-]{section.2.4}{\376\377\000T\000e\000c\000h\000n\000o\000l\000o\000g\000i\000e\000s}{chapter.2}% 9
\BOOKMARK [0][-]{chapter.3}{\376\377\000C\000O\000S\000T\000\040\000A\000N\000A\000L\000Y\000S\000I\000S}{}% 10
\BOOKMARK [1][-]{section.3.1}{\376\377\000R\000e\000s\000o\000u\000r\000c\000e\000\040\000A\000l\000l\000o\000c\000a\000t\000i\000o\000n}{chapter.3}% 11
\BOOKMARK [0][-]{chapter.4}{\376\377\000R\000E\000S\000U\000L\000T\000S\000\040\000A\000N\000D\000\040\000D\000I\000S\000C\000U\000S\000S\000I\000O\000N}{}% 12
\BOOKMARK [1][-]{section.4.1}{\376\377\000D\000e\000e\000p\000\040\000L\000e\000a\000r\000n\000i\000n\000g\000\040\000P\000i\000p\000e\000l\000i\000n\000e}{chapter.4}% 13
\BOOKMARK [1][-]{section.4.2}{\376\377\000M\000e\000t\000r\000i\000c\000s}{chapter.4}% 14
\BOOKMARK [1][-]{section.4.3}{\376\377\000R\000e\000p\000o\000r\000t\000\040\000G\000e\000n\000e\000r\000a\000t\000i\000o\000n}{chapter.4}% 15
\BOOKMARK [1][-]{section.4.4}{\376\377\000H\000o\000s\000p\000i\000t\000a\000l\000\040\000F\000i\000n\000d\000e\000r}{chapter.4}% 16
\BOOKMARK [0][-]{chapter.5}{\376\377\000C\000O\000N\000C\000L\000U\000S\000I\000O\000N}{}% 17
\BOOKMARK [0][-]{chapter.6}{\376\377\000S\000O\000U\000R\000C\000E\000\040\000C\000O\000D\000E\000\040\000I\000M\000P\000L\000E\000M\000E\000N\000T\000A\000T\000I\000O\000N}{}% 18
\BOOKMARK [1][-]{section.6.1}{\376\377\000B\000a\000c\000k\000e\000n\000d\000\040\000S\000e\000r\000v\000e\000r\000\040\000I\000m\000p\000l\000e\000m\000e\000n\000t\000a\000t\000i\000o\000n}{chapter.6}% 19
\BOOKMARK [2][-]{subsection.6.1.1}{\376\377\000M\000a\000i\000n\000\040\000E\000x\000p\000r\000e\000s\000s\000\040\000S\000e\000r\000v\000e\000r\000\040\000\050\000s\000e\000r\000v\000e\000r\000.\000j\000s\000\051}{section.6.1}% 20
\BOOKMARK [2][-]{subsection.6.1.2}{\376\377\000A\000I\000\040\000P\000r\000e\000d\000i\000c\000t\000i\000o\000n\000\040\000S\000e\000r\000v\000e\000r\000\040\000\050\000m\000a\000i\000n\0002\000\137\000f\000a\000s\000t\000.\000p\000y\000\051}{section.6.1}% 21
\BOOKMARK [1][-]{section.6.2}{\376\377\000D\000a\000t\000a\000b\000a\000s\000e\000\040\000M\000o\000d\000e\000l\000s}{chapter.6}% 22
\BOOKMARK [2][-]{subsection.6.2.1}{\376\377\000U\000s\000e\000r\000\040\000M\000o\000d\000e\000l\000\040\000\050\000U\000s\000e\000r\000.\000j\000s\000\051}{section.6.2}% 23
\BOOKMARK [2][-]{subsection.6.2.2}{\376\377\000H\000o\000s\000p\000i\000t\000a\000l\000\040\000M\000o\000d\000e\000l\000\040\000\050\000H\000o\000s\000p\000i\000t\000a\000l\000.\000j\000s\000\051}{section.6.2}% 24
\BOOKMARK [1][-]{section.6.3}{\376\377\000R\000e\000p\000o\000r\000t\000\040\000G\000e\000n\000e\000r\000a\000t\000i\000o\000n\000\040\000M\000o\000d\000u\000l\000e}{chapter.6}% 25
\BOOKMARK [2][-]{subsection.6.3.1}{\376\377\000R\000e\000p\000o\000r\000t\000s\000\040\000R\000o\000u\000t\000e\000\040\000H\000a\000n\000d\000l\000e\000r\000\040\000\050\000r\000e\000p\000o\000r\000t\000s\000.\000j\000s\000\051}{section.6.3}% 26
\BOOKMARK [1][-]{section.6.4}{\376\377\000F\000r\000o\000n\000t\000e\000n\000d\000\040\000C\000o\000m\000p\000o\000n\000e\000n\000t\000s}{chapter.6}% 27
\BOOKMARK [2][-]{subsection.6.4.1}{\376\377\000D\000i\000a\000g\000n\000o\000s\000i\000s\000\040\000P\000a\000g\000e\000\040\000\050\000d\000i\000a\000g\000n\000o\000s\000i\000s\000.\000t\000s\000x\000\051}{section.6.4}% 28
\BOOKMARK [2][-]{subsection.6.4.2}{\376\377\000H\000o\000s\000p\000i\000t\000a\000l\000\040\000F\000i\000n\000d\000e\000r\000\040\000P\000a\000g\000e\000\040\000\050\000h\000o\000s\000p\000i\000t\000a\000l\000s\000.\000t\000s\000x\000\051}{section.6.4}% 29
\BOOKMARK [2][-]{subsection.6.4.3}{\376\377\000H\000o\000s\000p\000i\000t\000a\000l\000\040\000M\000a\000p\000\040\000C\000o\000m\000p\000o\000n\000e\000n\000t\000\040\000\050\000H\000o\000s\000p\000i\000t\000a\000l\000M\000a\000p\000.\000t\000s\000x\000\051}{section.6.4}% 30
\BOOKMARK [1][-]{section.6.5}{\376\377\000A\000u\000t\000h\000e\000n\000t\000i\000c\000a\000t\000i\000o\000n\000\040\000C\000o\000n\000t\000e\000x\000t}{chapter.6}% 31
\BOOKMARK [2][-]{subsection.6.5.1}{\376\377\000A\000u\000t\000h\000\040\000C\000o\000n\000t\000e\000x\000t\000\040\000P\000r\000o\000v\000i\000d\000e\000r\000\040\000\050\000A\000u\000t\000h\000C\000o\000n\000t\000e\000x\000t\000.\000t\000s\000x\000\051}{section.6.5}% 32
\BOOKMARK [1][-]{section.6.6}{\376\377\000C\000o\000n\000f\000i\000g\000u\000r\000a\000t\000i\000o\000n\000\040\000F\000i\000l\000e\000s}{chapter.6}% 33
\BOOKMARK [2][-]{subsection.6.6.1}{\376\377\000P\000a\000c\000k\000a\000g\000e\000\040\000C\000o\000n\000f\000i\000g\000u\000r\000a\000t\000i\000o\000n\000\040\000\050\000p\000a\000c\000k\000a\000g\000e\000.\000j\000s\000o\000n\000\051}{section.6.6}% 34
\BOOKMARK [2][-]{subsection.6.6.2}{\376\377\000B\000a\000c\000k\000e\000n\000d\000\040\000P\000a\000c\000k\000a\000g\000e\000\040\000C\000o\000n\000f\000i\000g\000u\000r\000a\000t\000i\000o\000n}{section.6.6}% 35
\BOOKMARK [2][-]{subsection.6.6.3}{\376\377\000P\000y\000t\000h\000o\000n\000\040\000R\000e\000q\000u\000i\000r\000e\000m\000e\000n\000t\000s\000\040\000\050\000r\000e\000q\000u\000i\000r\000e\000m\000e\000n\000t\000s\000.\000t\000x\000t\000\051}{section.6.6}% 36
\BOOKMARK [0][-]{chapter.7}{\376\377\000R\000E\000F\000E\000R\000E\000N\000C\000E\000S}{}% 37
